2023-04-03T07:58:11+00:00 DEBUG tt4b_product_sync: missing access token for tt4b_product_sync
2023-04-03T07:58:11+00:00 DEBUG tt4b_product_sync: missing access token for tt4b_product_sync
2023-04-03T07:58:11+00:00 DEBUG tt4b_product_sync: missing access token for tt4b_product_sync
2023-04-03T07:58:11+00:00 DEBUG tt4b_product_sync: missing access token for tt4b_product_sync
2023-04-03T07:58:11+00:00 DEBUG tt4b_product_sync: missing access token for tt4b_product_sync
2023-04-03T07:58:11+00:00 DEBUG tt4b_product_sync: missing access token for tt4b_product_sync
2023-04-03T07:58:11+00:00 DEBUG tt4b_product_sync: missing access token for tt4b_product_sync
2023-04-03T07:58:11+00:00 DEBUG tt4b_product_sync: missing access token for tt4b_product_sync
2023-04-03T07:58:11+00:00 DEBUG tt4b_product_sync: missing access token for tt4b_product_sync
2023-04-03T07:58:11+00:00 DEBUG tt4b_product_sync: missing access token for tt4b_product_sync
2023-04-03T07:58:11+00:00 DEBUG tt4b_product_sync: missing access token for tt4b_product_sync
2023-04-03T07:58:11+00:00 DEBUG tt4b_product_sync: missing access token for tt4b_product_sync
2023-04-03T08:00:46+00:00 DEBUG tt4b_product_sync: missing access token for tt4b_product_sync
2023-04-03T08:00:46+00:00 DEBUG tt4b_product_sync: missing access token for tt4b_product_sync
2023-04-03T08:00:46+00:00 DEBUG tt4b_product_sync: missing access token for tt4b_product_sync
2023-04-03T08:00:47+00:00 DEBUG tt4b_product_sync: missing access token for tt4b_product_sync
2023-04-03T08:00:47+00:00 DEBUG tt4b_product_sync: missing access token for tt4b_product_sync
2023-04-03T08:00:47+00:00 DEBUG tt4b_product_sync: missing access token for tt4b_product_sync
2023-04-03T08:00:48+00:00 DEBUG tt4b_product_sync: missing access token for tt4b_product_sync
2023-04-03T08:00:48+00:00 DEBUG tt4b_product_sync: missing access token for tt4b_product_sync
2023-04-03T08:00:49+00:00 DEBUG tt4b_product_sync: missing access token for tt4b_product_sync
2023-04-03T08:00:49+00:00 DEBUG tt4b_product_sync: missing access token for tt4b_product_sync
2023-04-03T08:00:49+00:00 DEBUG tt4b_product_sync: missing access token for tt4b_product_sync
2023-04-03T08:00:50+00:00 DEBUG tt4b_product_sync: missing access token for tt4b_product_sync
2023-04-03T08:00:50+00:00 DEBUG tt4b_product_sync: missing access token for tt4b_product_sync
2023-04-03T08:00:50+00:00 DEBUG tt4b_product_sync: missing access token for tt4b_product_sync
2023-04-03T08:00:51+00:00 DEBUG tt4b_product_sync: missing access token for tt4b_product_sync
2023-04-03T08:00:51+00:00 DEBUG tt4b_product_sync: missing access token for tt4b_product_sync
2023-04-03T08:00:52+00:00 DEBUG tt4b_product_sync: missing access token for tt4b_product_sync
2023-04-03T08:00:52+00:00 DEBUG tt4b_product_sync: missing access token for tt4b_product_sync
2023-04-03T08:00:52+00:00 DEBUG tt4b_product_sync: missing access token for tt4b_product_sync
2023-04-03T08:00:53+00:00 DEBUG tt4b_product_sync: missing access token for tt4b_product_sync
2023-04-03T08:00:53+00:00 DEBUG tt4b_product_sync: missing access token for tt4b_product_sync
2023-04-03T08:00:53+00:00 DEBUG tt4b_product_sync: missing access token for tt4b_product_sync
2023-04-03T08:00:54+00:00 DEBUG tt4b_product_sync: missing access token for tt4b_product_sync
2023-04-03T08:00:54+00:00 DEBUG tt4b_product_sync: missing access token for tt4b_product_sync
2023-04-03T08:41:38+00:00 DEBUG tt4b_product_sync: missing access token for tt4b_product_sync
2023-04-03T08:41:38+00:00 DEBUG tt4b_product_delete: missing access token for tt4b_product_sync
2023-04-03T08:41:38+00:00 DEBUG tt4b_product_sync: missing access token for tt4b_product_sync
2023-04-03T08:41:38+00:00 DEBUG tt4b_product_delete: missing access token for tt4b_product_sync
2023-04-03T08:41:38+00:00 DEBUG tt4b_product_sync: missing access token for tt4b_product_sync
2023-04-03T08:41:38+00:00 DEBUG tt4b_product_delete: missing access token for tt4b_product_sync
2023-04-03T08:41:38+00:00 DEBUG tt4b_product_sync: missing access token for tt4b_product_sync
2023-04-03T08:41:38+00:00 DEBUG tt4b_product_delete: missing access token for tt4b_product_sync
2023-04-03T08:41:38+00:00 DEBUG tt4b_product_sync: missing access token for tt4b_product_sync
2023-04-03T08:41:38+00:00 DEBUG tt4b_product_delete: missing access token for tt4b_product_sync
2023-04-03T08:41:38+00:00 DEBUG tt4b_product_sync: missing access token for tt4b_product_sync
2023-04-03T08:41:38+00:00 DEBUG tt4b_product_delete: missing access token for tt4b_product_sync
2023-04-03T08:41:38+00:00 DEBUG tt4b_product_sync: missing access token for tt4b_product_sync
2023-04-03T08:41:38+00:00 DEBUG tt4b_product_delete: missing access token for tt4b_product_sync
2023-04-03T08:41:38+00:00 DEBUG tt4b_product_sync: missing access token for tt4b_product_sync
2023-04-03T08:41:38+00:00 DEBUG tt4b_product_delete: missing access token for tt4b_product_sync
2023-04-03T08:41:38+00:00 DEBUG tt4b_product_sync: missing access token for tt4b_product_sync
2023-04-03T08:41:38+00:00 DEBUG tt4b_product_delete: missing access token for tt4b_product_sync
2023-04-03T08:41:38+00:00 DEBUG tt4b_product_sync: missing access token for tt4b_product_sync
2023-04-03T08:41:38+00:00 DEBUG tt4b_product_delete: missing access token for tt4b_product_sync
2023-04-03T08:41:38+00:00 DEBUG tt4b_product_sync: missing access token for tt4b_product_sync
2023-04-03T08:41:38+00:00 DEBUG tt4b_product_delete: missing access token for tt4b_product_sync
2023-04-03T08:41:38+00:00 DEBUG tt4b_product_sync: missing access token for tt4b_product_sync
2023-04-03T08:41:38+00:00 DEBUG tt4b_product_delete: missing access token for tt4b_product_sync
2023-04-03T08:41:51+00:00 DEBUG tt4b_product_sync: missing access token for tt4b_product_sync
2023-04-03T08:42:54+00:00 DEBUG tt4b_product_sync: missing access token for tt4b_product_sync
2023-04-03T08:43:46+00:00 DEBUG tt4b_product_sync: missing access token for tt4b_product_sync
2023-04-03T08:44:38+00:00 DEBUG tt4b_product_sync: missing access token for tt4b_product_sync
2023-04-03T08:46:04+00:00 DEBUG tt4b_product_sync: missing access token for tt4b_product_sync
2023-04-03T08:46:16+00:00 DEBUG tt4b_product_sync: missing access token for tt4b_product_sync
2023-04-03T08:46:51+00:00 DEBUG tt4b_product_sync: missing access token for tt4b_product_sync
2023-04-03T08:47:59+00:00 DEBUG tt4b_product_sync: missing access token for tt4b_product_sync
2023-04-03T08:48:31+00:00 DEBUG tt4b_product_sync: missing access token for tt4b_product_sync
2023-04-03T08:48:52+00:00 DEBUG tt4b_product_sync: missing access token for tt4b_product_sync
2023-04-03T08:49:18+00:00 DEBUG tt4b_product_sync: missing access token for tt4b_product_sync
2023-04-03T08:50:06+00:00 DEBUG tt4b_product_sync: missing access token for tt4b_product_sync
2023-04-03T08:50:47+00:00 DEBUG tt4b_product_sync: missing access token for tt4b_product_sync
2023-04-03T08:51:35+00:00 DEBUG tt4b_product_sync: missing access token for tt4b_product_sync
2023-04-03T08:52:33+00:00 DEBUG tt4b_product_sync: missing access token for tt4b_product_sync
2023-04-03T08:54:08+00:00 DEBUG tt4b_product_sync: missing access token for tt4b_product_sync
2023-04-03T08:54:32+00:00 DEBUG tt4b_product_sync: missing access token for tt4b_product_sync
2023-04-03T09:09:56+00:00 DEBUG Tt4b_Pixel_Class::inject_view_content_event: hit injectViewContentEvent
2023-04-03T09:09:56+00:00 DEBUG Tt4b_Pixel_Class::inject_view_content_event: Missing option "access_token"
2023-04-03T09:10:33+00:00 DEBUG Tt4b_Pixel_Class::inject_add_to_cart_event: hit injectAddToCartEvent
2023-04-03T09:10:33+00:00 DEBUG Tt4b_Pixel_Class::inject_add_to_cart_event: Missing option "access_token"
2023-04-03T09:10:33+00:00 DEBUG Tt4b_Pixel_Class::inject_view_content_event: hit injectViewContentEvent
2023-04-03T09:10:33+00:00 DEBUG Tt4b_Pixel_Class::inject_view_content_event: Missing option "access_token"
2023-04-03T09:10:43+00:00 DEBUG Tt4b_Pixel_Class::inject_start_checkout: hit injectStartCheckout
2023-04-03T09:10:43+00:00 DEBUG Tt4b_Pixel_Class::inject_start_checkout: Missing option "access_token"
2023-04-03T13:11:07+00:00 DEBUG POST: https://business-api.tiktok.com/open_api/v1.2/tbp/business_profile/disconnect/

{"external_business_id":false,"business_platform":"WOO_COMMERCE","is_setup_page":0,"app_id":false}
 ajax: no
2023-04-03T13:11:07+00:00 DEBUG Tt4b_Mapi_Class::mapi_post: Response: 

HTTP/1.1 200 OK
Server: nginx
Content-Type: application/json; charset=utf-8
Content-Length: 103
X-Api-Deprecation-Info: API for Business Version 1.3 is now live. To avoid disruption to your business, we recommend you migrate all calls to v1.3 as soon as possible. Please visit our migration guide for more details: https://ads.tiktok.com/marketing_api/docs?id=1740029169927169
X-Domain-Change-Info: We have moved to the new domain business-api.tiktok.com for API services after the Platform Upgrade on 09/30/2021. Please update all of your requests with the new domain if you haven't done so already. For more information, please visit https://ads.tiktok.com/marketing_api/docs?rid=esb88xalm6m&id=1709207085043713
X-Tt-Logid: 20230403131106B27C60A97B694300CFE3
x-tt-trace-host: 01df48d26d127c9ac1856423468a5d547756d8a4e05d6734102b3f201863b4ac06bbc79df8b31f7a72dd174b0db31111e3e2fac0c897387d19efee86635f521e2d8d7aff8196df2f71d3bfc6480d34fde163e73d0d412ac07e94e7a6c43b220fbc64822a34227e5e6fc1acde2ee997fd46
X-Origin-Response-Time: 9,23.44.5.5
X-Akamai-Request-ID: 8713e9b5.a37ee00
Expires: Mon, 03 Apr 2023 13:11:07 GMT
Cache-Control: max-age=0, no-cache, no-store
Pragma: no-cache
Date: Mon, 03 Apr 2023 13:11:07 GMT
X-Cache: TCP_MISS from a113-171-12-175.deploy.akamaitechnologies.com (AkamaiGHost/11.0.2.2-47519392) (-)
Connection: close
X-Cache-Remote: TCP_MISS from a23-44-5-5.deploy.akamaitechnologies.com (AkamaiGHost/11.0.2.2-47519392) (-)
x-tt-trace-tag: id=16;cdn-cache=miss;type=dyn
Server-Timing: cdn-cache; desc=MISS, edge; dur=42, origin; dur=9
Server-Timing: inner; dur=5
X-Parent-Response-Time: 50,113.171.12.175

{"code":40104,"message":"The access_token is empty.","request_id":"20230403131106B27C60A97B694300CFE3"}

2023-04-03T13:11:07+00:00 DEBUG POST: https://business-api.tiktok.com/tbp/v2.0/shop/connection/disconnect?external_data=

--- EMPTY STRING ---
 ajax: no
2023-04-03T13:11:07+00:00 DEBUG Tt4b_Mapi_Class::tts_shop_disconnect: Response: 

HTTP/1.1 200 OK
Server: nginx
Content-Type: application/json; charset=utf-8
Content-Length: 95
X-Api-Deprecation-Info: API for Business Version 1.3 is now live. To avoid disruption to your business, we recommend you migrate all calls to v1.3 as soon as possible. Please visit our migration guide for more details: https://ads.tiktok.com/marketing_api/docs?id=1740029169927169
X-Domain-Change-Info: We have moved to the new domain business-api.tiktok.com for API services after the Platform Upgrade on 09/30/2021. Please update all of your requests with the new domain if you haven't done so already. For more information, please visit https://ads.tiktok.com/marketing_api/docs?rid=esb88xalm6m&id=1709207085043713
X-Tt-Logid: 202304031311068688ED1BFF366E00ADCE
x-tt-trace-host: 01df48d26d127c9ac1856423468a5d547756d8a4e05d6734102b3f201863b4ac06171f44baa3f703ef09aa13f3f9764156a393ce979d1cc360eb80e55be0d90bb7bcd7ae0c36722f54ae5e39c6888658da66f3adc2489518985c97c0a43aa80fd9f5ab92384150eb3950c50787ffea2617
X-Origin-Response-Time: 21,23.44.5.110
X-Akamai-Request-ID: 7a7c9bc0.a37f117
Expires: Mon, 03 Apr 2023 13:11:08 GMT
Cache-Control: max-age=0, no-cache, no-store
Pragma: no-cache
Date: Mon, 03 Apr 2023 13:11:08 GMT
X-Cache: TCP_MISS from a113-171-12-175.deploy.akamaitechnologies.com (AkamaiGHost/11.0.2.2-47519392) (-)
Connection: close
X-Cache-Remote: TCP_MISS from a23-44-5-110.deploy.akamaitechnologies.com (AkamaiGHost/11.0.2.2-47519392) (-)
x-tt-trace-tag: id=16;cdn-cache=miss;type=dyn
Server-Timing: cdn-cache; desc=MISS, edge; dur=37, origin; dur=21
Server-Timing: inner; dur=18
X-Parent-Response-Time: 57,113.171.12.175

{"code":40001,"message":"Permission denied.","request_id":"202304031311068688ED1BFF366E00ADCE"}

2023-04-03T13:15:09+00:00 DEBUG POST: https://business-api.tiktok.com/open_api/v1.2/tbp/business_profile/disconnect/

{"external_business_id":false,"business_platform":"WOO_COMMERCE","is_setup_page":0,"app_id":false}
 ajax: no
2023-04-03T13:15:09+00:00 DEBUG Tt4b_Mapi_Class::mapi_post: Response: 

HTTP/1.1 200 OK
Server: nginx
Content-Type: application/json; charset=utf-8
Content-Length: 103
X-Api-Deprecation-Info: API for Business Version 1.3 is now live. To avoid disruption to your business, we recommend you migrate all calls to v1.3 as soon as possible. Please visit our migration guide for more details: https://ads.tiktok.com/marketing_api/docs?id=1740029169927169
X-Domain-Change-Info: We have moved to the new domain business-api.tiktok.com for API services after the Platform Upgrade on 09/30/2021. Please update all of your requests with the new domain if you haven't done so already. For more information, please visit https://ads.tiktok.com/marketing_api/docs?rid=esb88xalm6m&id=1709207085043713
X-Tt-Logid: 2023040313150911D4F9A18FDB4400E5B5
Server-Timing: inner; dur=19
x-tt-trace-host: 01df48d26d127c9ac1856423468a5d5477cd1be75bc516cdfd994e89a1002d6f05a15a292f4a287227279855bc4782122ef83c4d25d0eebac46f023899a8484abebd488cefc4d0b5c581bf9cc85323babce5d6695abb05811d177aec6c67bca72bd5fa6b6902ccc1b9b3fc8f30b4a758a7
Expires: Mon, 03 Apr 2023 13:15:10 GMT
Cache-Control: max-age=0, no-cache, no-store
Pragma: no-cache
Date: Mon, 03 Apr 2023 13:15:10 GMT
X-Cache: TCP_MISS from a113-171-12-182.deploy.akamaitechnologies.com (AkamaiGHost/11.0.2.2-47519392) (-)
Connection: close
x-tt-trace-tag: id=16;cdn-cache=miss;type=dyn
Server-Timing: cdn-cache; desc=MISS, edge; dur=0, origin; dur=78
X-Origin-Response-Time: 78,113.171.12.182
X-Akamai-Request-ID: 44d39673

{"code":40104,"message":"The access_token is empty.","request_id":"2023040313150911D4F9A18FDB4400E5B5"}

2023-04-03T13:15:09+00:00 DEBUG POST: https://business-api.tiktok.com/tbp/v2.0/shop/connection/disconnect?external_data=

--- EMPTY STRING ---
 ajax: no
2023-04-03T13:15:09+00:00 DEBUG Tt4b_Mapi_Class::tts_shop_disconnect: Response: 

HTTP/1.1 200 OK
Server: nginx
Content-Type: application/json; charset=utf-8
Content-Length: 95
X-Api-Deprecation-Info: API for Business Version 1.3 is now live. To avoid disruption to your business, we recommend you migrate all calls to v1.3 as soon as possible. Please visit our migration guide for more details: https://ads.tiktok.com/marketing_api/docs?id=1740029169927169
X-Domain-Change-Info: We have moved to the new domain business-api.tiktok.com for API services after the Platform Upgrade on 09/30/2021. Please update all of your requests with the new domain if you haven't done so already. For more information, please visit https://ads.tiktok.com/marketing_api/docs?rid=esb88xalm6m&id=1709207085043713
X-Tt-Logid: 2023040313150911D4F9A18FDB4400E5B7
Server-Timing: inner; dur=14
x-tt-trace-host: 01df48d26d127c9ac1856423468a5d5477cd1be75bc516cdfd994e89a1002d6f05a15a292f4a287227279855bc4782122ef83c4d25d0eebac46f023899a8484abebd488cefc4d0b5c581bf9cc85323babcf65b624562627d85623fe0069b91c3db68526e9d4620df6226d33b52bc266d23
Expires: Mon, 03 Apr 2023 13:15:10 GMT
Cache-Control: max-age=0, no-cache, no-store
Pragma: no-cache
Date: Mon, 03 Apr 2023 13:15:10 GMT
X-Cache: TCP_MISS from a113-171-12-182.deploy.akamaitechnologies.com (AkamaiGHost/11.0.2.2-47519392) (-)
Connection: close
x-tt-trace-tag: id=16;cdn-cache=miss;type=dyn
Server-Timing: cdn-cache; desc=MISS, edge; dur=0, origin; dur=73
X-Origin-Response-Time: 73,113.171.12.182
X-Akamai-Request-ID: 44d39a6e

{"code":40001,"message":"Permission denied.","request_id":"2023040313150911D4F9A18FDB4400E5B7"}

